09:03:13,921 DEBUG MyInterceptor:29 - around before ......
09:03:13,926 DEBUG HelloServiceImpl:15 - hello zhangsan
09:03:13,930 DEBUG MyInterceptor:31 - around after ......
09:03:13,930 DEBUG MyInterceptor:38 - afterReturning ......
09:03:29,657 DEBUG MyInterceptor:29 - around before ......
09:03:29,661 DEBUG HelloServiceImpl:15 - hello zhangsan
09:03:29,666 DEBUG MyInterceptor:31 - around after ......
09:03:29,668 DEBUG MyInterceptor:38 - afterReturning ......
09:03:29,669 DEBUG MyInterceptor:29 - around before ......
09:03:29,669 DEBUG HelloServiceImpl:15 - hello null
09:03:29,670 DEBUG MyInterceptor:31 - around after ......
09:03:29,670 DEBUG MyInterceptor:38 - afterReturning ......
09:08:21,623 DEBUG MyInterceptor:28 - around before ......
09:08:21,628 DEBUG HelloServiceImpl:15 - hello zhangsan
09:08:21,636 DEBUG MyInterceptor:30 - around after ......
09:08:21,636 DEBUG MyInterceptor:37 - afterReturning ......
09:08:21,637 DEBUG MyInterceptor:28 - around before ......
09:08:21,637 DEBUG HelloServiceImpl:15 - hello null
09:08:21,637 DEBUG MyInterceptor:30 - around after ......
09:08:21,637 DEBUG MyInterceptor:37 - afterReturning ......
12:55:00,049 DEBUG MyInterceptor:28 - around before ......
12:55:00,055 DEBUG HelloServiceImpl:15 - hello zhangsan
12:55:00,059 DEBUG MyInterceptor:30 - around after ......
12:55:00,059 DEBUG MyInterceptor:37 - afterReturning ......
12:55:00,060 DEBUG MyInterceptor:28 - around before ......
12:55:00,060 DEBUG HelloServiceImpl:15 - hello null
12:55:00,060 DEBUG MyInterceptor:30 - around after ......
12:55:00,060 DEBUG MyInterceptor:37 - afterReturning ......
